#
# An unexpected error has been detected by Java Runtime Environment:
#
#  EXCEPTION_ACCESS_VIOLATION (0xc0000005) at pc=0x76c841ec, pid=2400, tid=3040
#
# Java VM: Java HotSpot(TM) Client VM (11.3-b02 mixed mode, sharing windows-x86)
# Problematic frame:
# C  [IMAGEHLP.dll+0x41ec]
#
# If you would like to submit a bug report, please visit:
#   http://java.sun.com/webapps/bugreport/crash.jsp
# The crash happened outside the Java Virtual Machine in native code.
# See problematic frame for where to report the bug.
#

---------------  T H R E A D  ---------------

Current thread (0x02af0800):  JavaThread "AWT-Windows" daemon [_thread_in_native, id=3040, stack(0x03120000,0x03170000)]

siginfo: ExceptionCode=0xc0000005, reading address 0x16210014

Registers:
EAX=0x16210014, EBX=0x16210000, ECX=0x16210000, EDX=0x00000000
ESP=0x0316f6bc, EBP=0x0316f6c0, ESI=0x10001eb0, EDI=0x7e37a94e
EIP=0x76c841ec, EFLAGS=0x00010246

Top of Stack: (sp=0x0316f6bc)
0x0316f6bc:   16210000 0316f6dc 76c841c1 16210000
0x0316f6cc:   00000001 00000001 0316f714 00000000
0x0316f6dc:   00000c80 10001338 16210000 00000001
0x0316f6ec:   00000001 0316f714 7e37a94e 10001eb0
0x0316f6fc:   00000c80 1000308c 100012a9 1000308c
0x0316f70c:   7e37a94e 10001eb0 16210000 0316fa24
0x0316f71c:   00000000 02dd6554 0316fa0c 10000000
0x0316f72c:   00000c80 00000224 00000001 00000960 

Instructions: (pc=0x76c841ec)
0x76c841dc:   53 e8 68 ff ff ff 85 c0 74 2d 8d 48 04 83 c0 18
0x76c841ec:   66 8b 10 66 81 fa 0b 01 0f 85 e8 05 00 00 50 51 


Stack: [0x03120000,0x03170000],  sp=0x0316f6bc,  free space=317k
Native frames: (J=compiled Java code, j=interpreted, Vv=VM code, C=native code)
C  [IMAGEHLP.dll+0x41ec]
C  [IMAGEHLP.dll+0x41c1]

Java frames: (J=compiled Java code, j=interpreted, Vv=VM code)
j  sun.awt.windows.WToolkit.eventLoop()V+0
j  sun.awt.windows.WToolkit.run()V+69
j  java.lang.Thread.run()V+11
v  ~StubRoutines::call_stub

---------------  P R O C E S S  ---------------

Java Threads: ( => current thread )
  0x02f3fc00 JavaThread "Thread-1" daemon [_thread_in_native, id=3352, stack(0x04020000,0x04070000)]
  0x02f40400 JavaThread "AWT-EventQueue-0" [_thread_blocked, id=2660, stack(0x03500000,0x03550000)]
  0x02e9ac00 JavaThread "TimerQueue" daemon [_thread_blocked, id=2648, stack(0x03bd0000,0x03c20000)]
  0x002b6c00 JavaThread "DestroyJavaVM" [_thread_blocked, id=2612, stack(0x008c0000,0x00910000)]
  0x02e7e800 JavaThread "RMI RenewClean-[10.10.20.4:3184]" daemon [_thread_blocked, id=3468, stack(0x034b0000,0x03500000)]
  0x02e7d800 JavaThread "RMI Scheduler(0)" daemon [_thread_blocked, id=2952, stack(0x03460000,0x034b0000)]
  0x02b4b000 JavaThread "GC Daemon" daemon [_thread_blocked, id=876, stack(0x03410000,0x03460000)]
  0x02b33800 JavaThread "RMI Reaper" [_thread_blocked, id=2644, stack(0x033b0000,0x03400000)]
  0x02b12000 JavaThread "RMI TCP Accept-0" daemon [_thread_in_native, id=3252, stack(0x03360000,0x033b0000)]
=>0x02af0800 JavaThread "AWT-Windows" daemon [_thread_in_native, id=3040, stack(0x03120000,0x03170000)]
  0x02af5800 JavaThread "AWT-Shutdown" [_thread_blocked, id=2728, stack(0x030d0000,0x03120000)]
  0x02af4400 JavaThread "Java2D Disposer" daemon [_thread_blocked, id=3620, stack(0x03080000,0x030d0000)]
  0x02abb000 JavaThread "Low Memory Detector" daemon [_thread_blocked, id=3732, stack(0x02d30000,0x02d80000)]
  0x02ab5400 JavaThread "CompilerThread0" daemon [_thread_blocked, id=1324, stack(0x02ce0000,0x02d30000)]
  0x02ab3c00 JavaThread "Attach Listener" daemon [_thread_blocked, id=2716, stack(0x02c90000,0x02ce0000)]
  0x02ab2800 JavaThread "Signal Dispatcher" daemon [_thread_blocked, id=1880, stack(0x02c40000,0x02c90000)]
  0x02a70800 JavaThread "Finalizer" daemon [_thread_blocked, id=340, stack(0x02bf0000,0x02c40000)]
  0x02a6f400 JavaThread "Reference Handler" daemon [_thread_blocked, id=2824, stack(0x02ba0000,0x02bf0000)]

Other Threads:
  0x02a6d800 VMThread [stack: 0x02b50000,0x02ba0000] [id=1156]
  0x02abd400 WatcherThread [stack: 0x02d80000,0x02dd0000] [id=3072]

VM state:not at safepoint (normal execution)

VM Mutex/Monitor currently owned by a thread: None

Heap
 def new generation   total 1792K, used 304K [0x22990000, 0x22b80000, 0x22e70000)
  eden space 1600K,  16% used [0x22990000, 0x229d3d98, 0x22b20000)
  from space 192K,  17% used [0x22b50000, 0x22b58588, 0x22b80000)
  to   space 192K,   0% used [0x22b20000, 0x22b20000, 0x22b50000)
 tenured generation   total 23156K, used 8141K [0x22e70000, 0x2450d000, 0x26990000)
   the space 23156K,  35% used [0x22e70000, 0x236637a8, 0x23663800, 0x2450d000)
 compacting perm gen  total 12288K, used 2923K [0x26990000, 0x27590000, 0x2a990000)
   the space 12288K,  23% used [0x26990000, 0x26c6aca0, 0x26c6ae00, 0x27590000)
    ro space 8192K,  67% used [0x2a990000, 0x2aef7ea8, 0x2aef8000, 0x2b190000)
    rw space 12288K,  53% used [0x2b190000, 0x2b805530, 0x2b805600, 0x2bd90000)

Dynamic libraries:
0x00400000 - 0x00424000 	D:\Program Files\Java\jdk1.6.0_13\jre\bin\java.exe
0x7c900000 - 0x7c9b0000 	D:\WINDOWS\system32\ntdll.dll
0x7c800000 - 0x7c8f8000 	D:\WINDOWS\system32\kernel32.dll
0x77dc0000 - 0x77e6c000 	D:\WINDOWS\system32\ADVAPI32.dll
0x77e70000 - 0x77f02000 	D:\WINDOWS\system32\RPCRT4.dll
0x77fe0000 - 0x77ff1000 	D:\WINDOWS\system32\Secur32.dll
0x7c340000 - 0x7c396000 	D:\Program Files\Java\jdk1.6.0_13\jre\bin\msvcr71.dll
0x6d8b0000 - 0x6db06000 	D:\Program Files\Java\jdk1.6.0_13\jre\bin\client\jvm.dll
0x7e360000 - 0x7e3f1000 	D:\WINDOWS\system32\USER32.dll
0x77f10000 - 0x77f59000 	D:\WINDOWS\system32\GDI32.dll
0x76b20000 - 0x76b4e000 	D:\WINDOWS\system32\WINMM.dll
0x76360000 - 0x7637d000 	D:\WINDOWS\system32\IMM32.DLL
0x6d340000 - 0x6d348000 	D:\Program Files\Java\jdk1.6.0_13\jre\bin\hpi.dll
0x76be0000 - 0x76beb000 	D:\WINDOWS\system32\PSAPI.DLL
0x6d860000 - 0x6d86c000 	D:\Program Files\Java\jdk1.6.0_13\jre\bin\verify.dll
0x6d3e0000 - 0x6d3ff000 	D:\Program Files\Java\jdk1.6.0_13\jre\bin\java.dll
0x6d8a0000 - 0x6d8af000 	D:\Program Files\Java\jdk1.6.0_13\jre\bin\zip.dll
0x6d0b0000 - 0x6d1fa000 	D:\Program Files\Java\jdk1.6.0_13\jre\bin\awt.dll
0x72fc0000 - 0x72fe6000 	D:\WINDOWS\system32\WINSPOOL.DRV
0x77c00000 - 0x77c58000 	D:\WINDOWS\system32\msvcrt.dll
0x774d0000 - 0x7760d000 	D:\WINDOWS\system32\ole32.dll
0x773c0000 - 0x774c3000 	D:\WINDOWS\WinSxS\x86_Microsoft.Windows.Common-Controls_6595b64144ccf1df_6.0.2600.5512_x-ww_35d4ce83\comctl32.dll
0x77f60000 - 0x77fdc000 	D:\WINDOWS\system32\SHLWAPI.dll
0x5b260000 - 0x5b298000 	D:\WINDOWS\system32\uxtheme.dll
0x746e0000 - 0x7472c000 	D:\WINDOWS\system32\MSCTF.dll
0x10000000 - 0x10008000 	D:\Program Files\AmlMaple\AmlMaple.dll
0x76c80000 - 0x76ca8000 	D:\WINDOWS\system32\IMAGEHLP.dll
0x75310000 - 0x7533e000 	D:\WINDOWS\system32\msctfime.ime
0x7c9c0000 - 0x7e339000 	D:\WINDOWS\system32\shell32.dll
0x6d2e0000 - 0x6d334000 	D:\Program Files\Java\jdk1.6.0_13\jre\bin\fontmanager.dll
0x68000000 - 0x68036000 	D:\WINDOWS\system32\rsaenh.dll
0x769a0000 - 0x76a55000 	D:\WINDOWS\system32\USERENV.dll
0x5bd50000 - 0x5bda5000 	D:\WINDOWS\system32\netapi32.dll
0x6d6c0000 - 0x6d6d3000 	D:\Program Files\Java\jdk1.6.0_13\jre\bin\net.dll
0x71a90000 - 0x71aa7000 	D:\WINDOWS\system32\WS2_32.dll
0x71a80000 - 0x71a88000 	D:\WINDOWS\system32\WS2HELP.dll
0x71a30000 - 0x71a70000 	D:\WINDOWS\System32\mswsock.dll
0x76f10000 - 0x76f37000 	D:\WINDOWS\system32\DNSAPI.dll
0x76d50000 - 0x76d69000 	D:\WINDOWS\system32\iphlpapi.dll
0x76fa0000 - 0x76fa8000 	D:\WINDOWS\System32\winrnr.dll
0x76f50000 - 0x76f7d000 	D:\WINDOWS\system32\WLDAP32.dll
0x16080000 - 0x16099000 	D:\Program Files\Bonjour\mdnsNSP.dll
0x76fb0000 - 0x76fb6000 	D:\WINDOWS\system32\rasadhlp.dll
0x698b0000 - 0x69908000 	D:\WINDOWS\system32\hnetcfg.dll
0x71a70000 - 0x71a78000 	D:\WINDOWS\System32\wshtcpip.dll
0x6d7b0000 - 0x6d7b6000 	D:\Program Files\Java\jdk1.6.0_13\jre\bin\rmi.dll
0x6d6e0000 - 0x6d6e9000 	D:\Program Files\Java\jdk1.6.0_13\jre\bin\nio.dll
0x03800000 - 0x03b27000 	D:\WINDOWS\system32\xpsp2res.dll
0x77110000 - 0x7719b000 	D:\WINDOWS\system32\OLEAUT32.DLL
0x71b00000 - 0x71b12000 	D:\WINDOWS\system32\MPR.dll
0x75f30000 - 0x75f37000 	D:\WINDOWS\System32\drprov.dll
0x71bf0000 - 0x71bfe000 	D:\WINDOWS\System32\ntlanman.dll
0x71cb0000 - 0x71cc7000 	D:\WINDOWS\System32\NETUI0.dll
0x71c70000 - 0x71cb0000 	D:\WINDOWS\System32\NETUI1.dll
0x71c60000 - 0x71c67000 	D:\WINDOWS\System32\NETRAP.dll
0x71bd0000 - 0x71be3000 	D:\WINDOWS\System32\SAMLIB.dll
0x75f40000 - 0x75f4a000 	D:\WINDOWS\System32\davclnt.dll
0x77910000 - 0x77a80000 	D:\WINDOWS\system32\SETUPAPI.dll
0x77b30000 - 0x77b52000 	D:\WINDOWS\system32\appHelp.dll
0x76fc0000 - 0x7703f000 	D:\WINDOWS\system32\CLBCATQ.DLL
0x040c0000 - 0x04195000 	D:\WINDOWS\system32\COMRes.dll
0x77bf0000 - 0x77bf8000 	D:\WINDOWS\system32\VERSION.dll
0x10930000 - 0x10979000 	D:\WINDOWS\system32\portabledeviceapi.dll
0x76c20000 - 0x76c4e000 	D:\WINDOWS\system32\WINTRUST.dll
0x042f0000 - 0x04386000 	D:\WINDOWS\system32\CRYPT32.dll
0x77b10000 - 0x77b22000 	D:\WINDOWS\system32\MSASN1.dll
0x76960000 - 0x76968000 	D:\WINDOWS\system32\LINKINFO.dll
0x76970000 - 0x76996000 	D:\WINDOWS\system32\ntshrui.dll
0x76b00000 - 0x76b11000 	D:\WINDOWS\system32\ATL.DLL
0x75da0000 - 0x75e31000 	D:\WINDOWS\system32\MLANG.dll

VM Arguments:
jvm_args: -Djava.security.policy=applet.policy 
java_command: Library
Launcher Type: SUN_STANDARD

Environment Variables:
PATH=E:\oracle\product\10.2.0\client_1\bin;D:\WINDOWS\system32;D:\WINDOWS;D:\WINDOWS\System32\Wbem
USERNAME=riac
OS=Windows_NT
PROCESSOR_IDENTIFIER=x86 Family 15 Model 4 Stepping 3, GenuineIntel



---------------  S Y S T E M  ---------------

OS: Windows XP Build 2600 Service Pack 3

CPU:total 4 (1 cores per cpu, 2 threads per core) family 15 model 4 stepping 3, cmov, cx8, fxsr, mmx, sse, sse2, sse3, ht

Memory: 4k page, physical 2096096k(1028136k free), swap 4037612k(3030856k free)

vm_info: Java HotSpot(TM) Client VM (11.3-b02) for windows-x86 JRE (1.6.0_13-b03), built on Mar  9 2009 01:15:24 by "java_re" with MS VC++ 7.1

time: Thu Aug 27 10:13:48 2009
elapsed time: 263212 seconds

