
An unexpected exception has been detected in native code outside the VM.
Unexpected Signal : EXCEPTION_ACCESS_VIOLATION (0xc0000005) occurred at PC=0x7C92AE22
Function=RtlImpersonateSelf+0x3A5
Library=E:\WINDOWS\system32\ntdll.dll

Current Java thread:
	at java.util.zip.ZipFile.getEntry(Native Method)
	at java.util.zip.ZipFile.getEntry(ZipFile.java:146)
	- locked <0x104fbd68> (a java.util.jar.JarFile)
	at java.util.jar.JarFile.getEntry(JarFile.java:194)
	at java.util.jar.JarFile.getJarEntry(JarFile.java:181)
	at sun.misc.URLClassPath$JarLoader.getResource(URLClassPath.java:671)
	at sun.misc.URLClassPath.getResource(URLClassPath.java:160)
	at java.net.URLClassLoader$1.run(URLClassLoader.java:191)
	at java.security.AccessController.doPrivileged(Native Method)
	at java.net.URLClassLoader.findClass(URLClassLoader.java:187)
	at java.lang.ClassLoader.loadClass(ClassLoader.java:289)
	- locked <0x10502f60> (a sun.misc.Launcher$AppClassLoader)
	at sun.misc.Launcher$AppClassLoader.loadClass(Launcher.java:274)
	- locked <0x10502f60> (a sun.misc.Launcher$AppClassLoader)
	at java.lang.ClassLoader.loadClass(ClassLoader.java:235)
	at sun.rmi.server.RemoteProxy.loadClassFromClass(RemoteProxy.java:191)
	at sun.rmi.server.RemoteProxy.getSkeleton(RemoteProxy.java:160)
	at sun.rmi.server.UnicastServerRef.setSkeleton(UnicastServerRef.java:168)
	at sun.rmi.server.UnicastServerRef.exportObject(UnicastServerRef.java:142)
	at sun.rmi.server.UnicastServerRef.exportObject(UnicastServerRef.java:129)
	at java.rmi.server.UnicastRemoteObject.exportObject(UnicastRemoteObject.java:275)
	at java.rmi.server.UnicastRemoteObject.exportObject(UnicastRemoteObject.java:178)
	at java.rmi.server.UnicastRemoteObject.<init>(UnicastRemoteObject.java:75)
	at java.rmi.server.UnicastRemoteObject.<init>(UnicastRemoteObject.java:61)
	at QuestionManager.<init>(QuestionManager.java:116)
	at DictionaryManager.newQuestion(DictionaryManager.java:67)
	at sun.reflect.NativeMethodAccessorImpl.invoke0(Native Method)
	at sun.reflect.NativeMethodAccessorImpl.invoke(NativeMethodAccessorImpl.java:39)
	at sun.reflect.DelegatingMethodAccessorImpl.invoke(DelegatingMethodAccessorImpl.java:25)
	at java.lang.reflect.Method.invoke(Method.java:324)
	at sun.rmi.server.UnicastServerRef.dispatch(UnicastServerRef.java:261)
	at sun.rmi.transport.Transport$1.run(Transport.java:148)
	at java.security.AccessController.doPrivileged(Native Method)
	at sun.rmi.transport.Transport.serviceCall(Transport.java:144)
	at sun.rmi.transport.tcp.TCPTransport.handleMessages(TCPTransport.java:460)
	at sun.rmi.transport.tcp.TCPTransport$ConnectionHandler.run(TCPTransport.java:701)
	at java.lang.Thread.run(Thread.java:534)

Dynamic libraries:
0x00400000 - 0x0040B000 	E:\j2sdk1.4.2_07\jre\bin\java.exe
0x7C900000 - 0x7C9B1000 	E:\WINDOWS\system32\ntdll.dll
0x7C800000 - 0x7C8F6000 	E:\WINDOWS\system32\kernel32.dll
0x77DC0000 - 0x77E6C000 	E:\WINDOWS\system32\ADVAPI32.dll
0x77E70000 - 0x77F01000 	E:\WINDOWS\system32\RPCRT4.dll
0x77C00000 - 0x77C58000 	E:\WINDOWS\system32\MSVCRT.dll
0x08000000 - 0x08138000 	E:\j2sdk1.4.2_07\jre\bin\client\jvm.dll
0x77D30000 - 0x77DC0000 	E:\WINDOWS\system32\USER32.dll
0x77F10000 - 0x77F56000 	E:\WINDOWS\system32\GDI32.dll
0x76B20000 - 0x76B4E000 	E:\WINDOWS\system32\WINMM.dll
0x10000000 - 0x10007000 	E:\j2sdk1.4.2_07\jre\bin\hpi.dll
0x00390000 - 0x0039E000 	E:\j2sdk1.4.2_07\jre\bin\verify.dll
0x003B0000 - 0x003C9000 	E:\j2sdk1.4.2_07\jre\bin\java.dll
0x003D0000 - 0x003DD000 	E:\j2sdk1.4.2_07\jre\bin\zip.dll
0x00970000 - 0x0097F000 	E:\j2sdk1.4.2_07\jre\bin\net.dll
0x71A90000 - 0x71AA7000 	E:\WINDOWS\system32\WS2_32.dll
0x71A80000 - 0x71A88000 	E:\WINDOWS\system32\WS2HELP.dll
0x71A30000 - 0x71A70000 	E:\WINDOWS\System32\mswsock.dll
0x76F10000 - 0x76F37000 	E:\WINDOWS\system32\DNSAPI.dll
0x76D50000 - 0x76D69000 	E:\WINDOWS\system32\iphlpapi.dll
0x76FA0000 - 0x76FA8000 	E:\WINDOWS\System32\winrnr.dll
0x76F50000 - 0x76F7D000 	E:\WINDOWS\system32\WLDAP32.dll
0x76FB0000 - 0x76FB6000 	E:\WINDOWS\system32\rasadhlp.dll
0x698B0000 - 0x69908000 	E:\WINDOWS\system32\hnetcfg.dll
0x71A70000 - 0x71A78000 	E:\WINDOWS\System32\wshtcpip.dll
0x02FD0000 - 0x030E2000 	E:\j2sdk1.4.2_07\jre\bin\awt.dll
0x72FC0000 - 0x72FE6000 	E:\WINDOWS\system32\WINSPOOL.DRV
0x76360000 - 0x7637D000 	E:\WINDOWS\system32\IMM32.dll
0x774D0000 - 0x7760C000 	E:\WINDOWS\system32\ole32.dll
0x5B260000 - 0x5B298000 	E:\WINDOWS\system32\uxtheme.dll
0x03170000 - 0x031C1000 	E:\j2sdk1.4.2_07\jre\bin\fontmanager.dll
0x73720000 - 0x73769000 	E:\WINDOWS\system32\ddraw.dll
0x73B80000 - 0x73B86000 	E:\WINDOWS\system32\DCIMAN32.dll
0x73900000 - 0x739D0000 	E:\WINDOWS\system32\D3DIM700.DLL
0x746E0000 - 0x7472B000 	E:\WINDOWS\system32\MSCTF.dll
0x03660000 - 0x03666000 	E:\Program Files\Punto Switcher\correct.dll
0x03750000 - 0x03755000 	E:\j2sdk1.4.2_07\jre\bin\rmi.dll
0x24C00000 - 0x24C6F000 	E:\Program Files\ICQToolbar\toolbaru.dll
0x77F60000 - 0x77FD6000 	E:\WINDOWS\system32\SHLWAPI.dll
0x771A0000 - 0x77246000 	E:\WINDOWS\system32\WININET.dll
0x77A70000 - 0x77B05000 	E:\WINDOWS\system32\CRYPT32.dll
0x77B10000 - 0x77B22000 	E:\WINDOWS\system32\MSASN1.dll
0x77110000 - 0x7719C000 	E:\WINDOWS\system32\OLEAUT32.dll
0x7C9C0000 - 0x7D1D8000 	E:\WINDOWS\system32\SHELL32.dll
0x77910000 - 0x77A04000 	E:\WINDOWS\system32\SETUPAPI.dll
0x77BF0000 - 0x77BF8000 	E:\WINDOWS\system32\VERSION.dll
0x5D5B0000 - 0x5D647000 	E:\WINDOWS\system32\COMCTL32.dll
0x773C0000 - 0x774C2000 	E:\WINDOWS\WinSxS\x86_Microsoft.Windows.Common-Controls_6595b64144ccf1df_6.0.2600.2180_x-ww_a84f1ff9\comctl32.dll
0x76C80000 - 0x76CA8000 	E:\WINDOWS\system32\imagehlp.dll
0x59C60000 - 0x59D01000 	E:\WINDOWS\system32\DBGHELP.dll
0x76BE0000 - 0x76BEB000 	E:\WINDOWS\system32\PSAPI.DLL

Heap at VM Abort:
Heap
 def new generation   total 576K, used 333K [0x10010000, 0x100b0000, 0x104f0000)
  eden space 512K,  57% used [0x10010000, 0x100598d8, 0x10090000)
  from space 64K,  61% used [0x10090000, 0x10099e38, 0x100a0000)
  to   space 64K,   0% used [0x100a0000, 0x100a0000, 0x100b0000)
 tenured generation   total 1408K, used 683K [0x104f0000, 0x10650000, 0x14010000)
   the space 1408K,  48% used [0x104f0000, 0x1059ad80, 0x1059ae00, 0x10650000)
 compacting perm gen  total 7936K, used 7811K [0x14010000, 0x147d0000, 0x18010000)
   the space 7936K,  98% used [0x14010000, 0x147b0c48, 0x147b0e00, 0x147d0000)

Local Time = Tue Oct 03 17:06:31 2006
Elapsed Time = 182
#
# The exception above was detected in native code outside the VM
#
# Java VM: Java HotSpot(TM) Client VM (1.4.2_07-b05 mixed mode)
#
